This is pdfTeX, Version 3.14159265-2.6-1.40.16 (MiKTeX 2.9) (preloaded format=pdflatex 2016.2.27)  18 MAR 2016 15:21
entering extended mode
**./NSComparisons.tex
(NSComparisons.tex
LaTeX2e <2015/10/01> patch level 2
Babel <3.9n> and hyphenation patterns for 69 languages loaded.
("C:\Users\won1k\AppData\Local\Programs\MiKTeX 2.9\tex\latex\amscls\amsart.cls"
Document Class: amsart 2015/03/04 v2.20.2
\linespacing=\dimen102
\normalparindent=\dimen103
\normaltopskip=\skip41

("C:\Users\won1k\AppData\Local\Programs\MiKTeX 2.9\tex\latex\amsmath\amsmath.st
y"
Package: amsmath 2013/01/14 v2.14 AMS math features
\@mathmargin=\skip42

For additional information on amsmath, use the `?' option.

("C:\Users\won1k\AppData\Local\Programs\MiKTeX 2.9\tex\latex\amsmath\amstext.st
y"
Package: amstext 2000/06/29 v2.01

("C:\Users\won1k\AppData\Local\Programs\MiKTeX 2.9\tex\latex\amsmath\amsgen.sty
"
File: amsgen.sty 1999/11/30 v2.0
\@emptytoks=\toks14
\ex@=\dimen104
))
("C:\Users\won1k\AppData\Local\Programs\MiKTeX 2.9\tex\latex\amsmath\amsbsy.sty
"
Package: amsbsy 1999/11/29 v1.2d
\pmbraise@=\dimen105
)
("C:\Users\won1k\AppData\Local\Programs\MiKTeX 2.9\tex\latex\amsmath\amsopn.sty
"
Package: amsopn 1999/12/14 v2.01 operator names
)
\inf@bad=\count79
LaTeX Info: Redefining \frac on input line 210.
\uproot@=\count80
\leftroot@=\count81
LaTeX Info: Redefining \overline on input line 306.
\classnum@=\count82
\DOTSCASE@=\count83
LaTeX Info: Redefining \ldots on input line 378.
LaTeX Info: Redefining \dots on input line 381.
LaTeX Info: Redefining \cdots on input line 466.
\Mathstrutbox@=\box26
\strutbox@=\box27
\big@size=\dimen106
LaTeX Font Info:    Redeclaring font encoding OML on input line 566.
LaTeX Font Info:    Redeclaring font encoding OMS on input line 567.
\macc@depth=\count84
\c@MaxMatrixCols=\count85
\dotsspace@=\muskip10
\c@parentequation=\count86
\dspbrk@lvl=\count87
\tag@help=\toks15
\row@=\count88
\column@=\count89
\maxfields@=\count90
\andhelp@=\toks16
\eqnshift@=\dimen107
\alignsep@=\dimen108
\tagshift@=\dimen109
\tagwidth@=\dimen110
\totwidth@=\dimen111
\lineht@=\dimen112
\@envbody=\toks17
\multlinegap=\skip43
\multlinetaggap=\skip44
\mathdisplay@stack=\toks18
LaTeX Info: Redefining \[ on input line 2665.
LaTeX Info: Redefining \] on input line 2666.
)
LaTeX Font Info:    Try loading font information for U+msa on input line 388.

("C:\Users\won1k\AppData\Local\Programs\MiKTeX 2.9\tex\latex\amsfonts\umsa.fd"
File: umsa.fd 2013/01/14 v3.01 AMS symbols A
)
("C:\Users\won1k\AppData\Local\Programs\MiKTeX 2.9\tex\latex\amsfonts\amsfonts.
sty"
Package: amsfonts 2013/01/14 v3.01 Basic AMSFonts support


Package amsfonts Warning: The 'psamsfonts' option is obsolete in AMSFonts v3.

\symAMSa=\mathgroup4
\symAMSb=\mathgroup5
LaTeX Font Info:    Overwriting math alphabet `\mathfrak' in version `bold'
(Font)                  U/euf/m/n --> U/euf/b/n on input line 106.
)
\copyins=\insert199
\abstractbox=\box28
\listisep=\skip45
\c@part=\count91
\c@section=\count92
\c@subsection=\count93
\c@subsubsection=\count94
\c@paragraph=\count95
\c@subparagraph=\count96
\c@figure=\count97
\c@table=\count98
\abovecaptionskip=\skip46
\belowcaptionskip=\skip47
\captionindent=\dimen113
\thm@style=\toks19
\thm@bodyfont=\toks20
\thm@headfont=\toks21
\thm@notefont=\toks22
\thm@headpunct=\toks23
\thm@preskip=\skip48
\thm@postskip=\skip49
\thm@headsep=\skip50
\dth@everypar=\toks24
)
("C:\Users\won1k\AppData\Local\Programs\MiKTeX 2.9\tex\latex\amsfonts\amssymb.s
ty"
Package: amssymb 2013/01/14 v3.01 AMS font symbols
)
("C:\Users\won1k\AppData\Local\Programs\MiKTeX 2.9\tex\latex\tools\enumerate.st
y"
Package: enumerate 2015/07/23 v3.00 enumerate extensions (DPC)
\@enLab=\toks25
)
("C:\Users\won1k\AppData\Local\Programs\MiKTeX 2.9\tex\latex\jknappen\mathrsfs.
sty"
Package: mathrsfs 1996/01/01 Math RSFS package v1.0 (jk)
\symrsfs=\mathgroup6
)
("C:\Users\won1k\AppData\Local\Programs\MiKTeX 2.9\tex\latex\mathtools\mathtool
s.sty"
Package: mathtools 2015/11/12 v1.18 mathematical typesetting tools

("C:\Users\won1k\AppData\Local\Programs\MiKTeX 2.9\tex\latex\graphics\keyval.st
y"
Package: keyval 2014/10/28 v1.15 key=value parser (DPC)
\KV@toks@=\toks26
) ("C:\Users\won1k\AppData\Local\Programs\MiKTeX 2.9\tex\latex\tools\calc.sty"
Package: calc 2014/10/28 v4.3 Infix arithmetic (KKT,FJ)
\calc@Acount=\count99
\calc@Bcount=\count100
\calc@Adimen=\dimen114
\calc@Bdimen=\dimen115
\calc@Askip=\skip51
\calc@Bskip=\skip52
LaTeX Info: Redefining \setlength on input line 80.
LaTeX Info: Redefining \addtolength on input line 81.
\calc@Ccount=\count101
\calc@Cskip=\skip53
)
("C:\Users\won1k\AppData\Local\Programs\MiKTeX 2.9\tex\latex\mathtools\mhsetup.
sty"
Package: mhsetup 2010/01/21 v1.2a programming setup (MH)
)
LaTeX Info: Thecontrolsequence`\('isalreadyrobust on input line 129.
LaTeX Info: Thecontrolsequence`\)'isalreadyrobust on input line 129.
LaTeX Info: Thecontrolsequence`\['isalreadyrobust on input line 129.
LaTeX Info: Thecontrolsequence`\]'isalreadyrobust on input line 129.
\g_MT_multlinerow_int=\count102
\l_MT_multwidth_dim=\dimen116
\origjot=\skip54
\l_MT_shortvdotswithinadjustabove_dim=\dimen117
\l_MT_shortvdotswithinadjustbelow_dim=\dimen118
\l_MT_above_intertext_sep=\dimen119
\l_MT_below_intertext_sep=\dimen120
\l_MT_above_shortintertext_sep=\dimen121
\l_MT_below_shortintertext_sep=\dimen122
)
("C:\Users\won1k\AppData\Local\Programs\MiKTeX 2.9\tex\latex\algorithms\algorit
hm.sty"
Package: algorithm 2009/08/24 v0.1 Document Style `algorithm' - floating enviro
nment

("C:\Users\won1k\AppData\Local\Programs\MiKTeX 2.9\tex\latex\float\float.sty"
Package: float 2001/11/08 v1.3d Float enhancements (AL)
\c@float@type=\count103
\float@exts=\toks27
\float@box=\box29
\@float@everytoks=\toks28
\@floatcapt=\box30
)
("C:\Users\won1k\AppData\Local\Programs\MiKTeX 2.9\tex\latex\base\ifthen.sty"
Package: ifthen 2014/09/29 v1.1c Standard LaTeX ifthen package (DPC)
)
\@float@every@algorithm=\toks29
\c@algorithm=\count104
)
("C:\Users\won1k\AppData\Local\Programs\MiKTeX 2.9\tex\latex\algorithmicx\algps
eudocode.sty"
Package: algpseudocode 

("C:\Users\won1k\AppData\Local\Programs\MiKTeX 2.9\tex\latex\algorithmicx\algor
ithmicx.sty"
Package: algorithmicx 2005/04/27 v1.2 Algorithmicx

Document Style algorithmicx 1.2 - a greatly improved `algorithmic' style
\c@ALG@line=\count105
\c@ALG@rem=\count106
\c@ALG@nested=\count107
\ALG@tlm=\skip55
\ALG@thistlm=\skip56
\c@ALG@Lnr=\count108
\c@ALG@blocknr=\count109
\c@ALG@storecount=\count110
\c@ALG@tmpcounter=\count111
\ALG@tmplength=\skip57
)
Document Style - pseudocode environments for use with the `algorithmicx' style
) (NSComparisons.aux)
\openout1 = `NSComparisons.aux'.

LaTeX Font Info:    Checking defaults for OML/cmm/m/it on input line 18.
LaTeX Font Info:    ... okay on input line 18.
LaTeX Font Info:    Checking defaults for T1/cmr/m/n on input line 18.
LaTeX Font Info:    ... okay on input line 18.
LaTeX Font Info:    Checking defaults for OT1/cmr/m/n on input line 18.
LaTeX Font Info:    ... okay on input line 18.
LaTeX Font Info:    Checking defaults for OMS/cmsy/m/n on input line 18.
LaTeX Font Info:    ... okay on input line 18.
LaTeX Font Info:    Checking defaults for OMX/cmex/m/n on input line 18.
LaTeX Font Info:    ... okay on input line 18.
LaTeX Font Info:    Checking defaults for U/cmr/m/n on input line 18.
LaTeX Font Info:    ... okay on input line 18.
LaTeX Font Info:    Try loading font information for U+msa on input line 18.

("C:\Users\won1k\AppData\Local\Programs\MiKTeX 2.9\tex\latex\amsfonts\umsa.fd"
File: umsa.fd 2013/01/14 v3.01 AMS symbols A
)
LaTeX Font Info:    Try loading font information for U+msb on input line 18.
("C:\Users\won1k\AppData\Local\Programs\MiKTeX 2.9\tex\latex\amsfonts\umsb.fd"
File: umsb.fd 2013/01/14 v3.01 AMS symbols B
)
LaTeX Font Info:    Try loading font information for U+rsfs on input line 18.
("C:\Users\won1k\AppData\Local\Programs\MiKTeX 2.9\tex\latex\jknappen\ursfs.fd"
File: ursfs.fd 1998/03/24 rsfs font definition file (jk)
)
("C:\Users\won1k\AppData\Local\Programs\MiKTeX 2.9\tex\latex\graphics\graphicx.
sty"
Package: graphicx 2014/10/28 v1.0g Enhanced LaTeX Graphics (DPC,SPQR)

("C:\Users\won1k\AppData\Local\Programs\MiKTeX 2.9\tex\latex\graphics\graphics.
sty"
Package: graphics 2014/10/28 v1.0p Standard LaTeX Graphics (DPC,SPQR)

("C:\Users\won1k\AppData\Local\Programs\MiKTeX 2.9\tex\latex\graphics\trig.sty"
Package: trig 1999/03/16 v1.09 sin cos tan (DPC)
)
("C:\Users\won1k\AppData\Local\Programs\MiKTeX 2.9\tex\latex\00miktex\graphics.
cfg"
File: graphics.cfg 2007/01/18 v1.5 graphics configuration of teTeX/TeXLive
)
Package graphics Info: Driver file: pdftex.def on input line 94.

("C:\Users\won1k\AppData\Local\Programs\MiKTeX 2.9\tex\latex\pdftex-def\pdftex.
def"
File: pdftex.def 2011/05/27 v0.06d Graphics/color for pdfTeX

("C:\Users\won1k\AppData\Local\Programs\MiKTeX 2.9\tex\generic\oberdiek\infware
rr.sty"
Package: infwarerr 2010/04/08 v1.3 Providing info/warning/error messages (HO)
)
("C:\Users\won1k\AppData\Local\Programs\MiKTeX 2.9\tex\generic\oberdiek\ltxcmds
.sty"
Package: ltxcmds 2011/11/09 v1.22 LaTeX kernel commands for general use (HO)
)
\Gread@gobject=\count112

("C:\Users\won1k\AppData\Local\Programs\MiKTeX 2.9\tex\context\base\supp-pdf.mk
ii"
[Loading MPS to PDF converter (version 2006.09.02).]
\scratchcounter=\count113
\scratchdimen=\dimen123
\scratchbox=\box31
\nofMPsegments=\count114
\nofMParguments=\count115
\everyMPshowfont=\toks30
\MPscratchCnt=\count116
\MPscratchDim=\dimen124
\MPnumerator=\count117
\makeMPintoPDFobject=\count118
\everyMPtoPDFconversion=\toks31
)))
\Gin@req@height=\dimen125
\Gin@req@width=\dimen126
) [1{C:/Users/won1k/AppData/Local/MiKTeX/2.9/pdftex/config/pdftex.map}]
Overfull \hbox (49.31409pt too wide) detected at line 93
[] \OML/cmm/m/it/10 '[]\OT1/cmr/m/n/10 (\OML/cmm/m/it/10 x\OT1/cmr/m/n/10 ; \OM
L/cmm/m/it/10 ; \OT1/cmr/m/n/10 )\OML/cmm/m/it/10 '[]\OT1/cmr/m/n/10 (\OML/cm
m/m/it/10 x\OT1/cmr/m/n/10 ; \OML/cmm/m/it/10 []; []\OT1/cmr/m/n/10 )\OML/cmm
/m/it/10 dx \OT1/cmr/m/n/10 = [] [] [] \OML/cmm/m/it/10 :
 []

[2]
Underfull \hbox (badness 10000) in paragraph at lines 121--122

 []


Overfull \hbox (6.1673pt too wide) in paragraph at lines 151--157
 [][] 
 []

[3] <N-N_10e2_f01_rand.pdf, id=23, 794.97pt x 614.295pt>
File: N-N_10e2_f01_rand.pdf Graphic file (type pdf)

<use N-N_10e2_f01_rand.pdf>
Package pdftex.def Info: N-N_10e2_f01_rand.pdf used on input line 168.
(pdftex.def)             Requested size: 251.9989pt x 194.72247pt.

<N-N_10e3_f01_rand.pdf, id=24, 794.97pt x 614.295pt>
File: N-N_10e3_f01_rand.pdf Graphic file (type pdf)

<use N-N_10e3_f01_rand.pdf>
Package pdftex.def Info: N-N_10e3_f01_rand.pdf used on input line 170.
(pdftex.def)             Requested size: 251.9989pt x 194.72247pt.

<N-N_10e4_f01_rand.pdf, id=25, 794.97pt x 614.295pt>
File: N-N_10e4_f01_rand.pdf Graphic file (type pdf)

<use N-N_10e4_f01_rand.pdf>
Package pdftex.def Info: N-N_10e4_f01_rand.pdf used on input line 172.
(pdftex.def)             Requested size: 251.9989pt x 194.72247pt.


LaTeX Warning: Float too large for page by 48.0563pt on input line 175.

[4] [5 <./N-N_10e2_f01_rand.pdf> <./N-N_10e3_f01_rand.pdf> <./N-N_10e4_f01_rand
.pdf>]
Overfull \hbox (18.15575pt too wide) in paragraph at lines 214--214
[] 
 []


Overfull \hbox (29.82239pt too wide) in paragraph at lines 223--223
[] 
 []


Underfull \vbox (badness 5847) has occurred while \output is active []

 [6]
<Mix_10e2_f01_ESS.pdf, id=54, 794.97pt x 614.295pt>
File: Mix_10e2_f01_ESS.pdf Graphic file (type pdf)
 <use Mix_10e2_f01_ESS.pdf>
Package pdftex.def Info: Mix_10e2_f01_ESS.pdf used on input line 234.
(pdftex.def)             Requested size: 360.0pt x 278.19238pt.

Overfull \hbox (11.16731pt too wide) in paragraph at lines 242--247
 [][] 
 []

<Mix_10e2_f01.pdf, id=55, 794.97pt x 614.295pt>
File: Mix_10e2_f01.pdf Graphic file (type pdf)
 <use Mix_10e2_f01.pdf>
Package pdftex.def Info: Mix_10e2_f01.pdf used on input line 251.
(pdftex.def)             Requested size: 360.0pt x 278.19238pt.

<Mix_10e3_f01.pdf, id=56, 794.97pt x 614.295pt>
File: Mix_10e3_f01.pdf Graphic file (type pdf)
 <use Mix_10e3_f01.pdf>
Package pdftex.def Info: Mix_10e3_f01.pdf used on input line 252.
(pdftex.def)             Requested size: 360.0pt x 278.19238pt.


LaTeX Warning: Float too large for page by 19.27365pt on input line 254.

[7] [8 <./Mix_10e2_f01_ESS.pdf>] [9 <./Mix_10e2_f01.pdf> <./Mix_10e3_f01.pdf>]
(NSComparisons.aux) ) 
Here is how much of TeX's memory you used:
 3708 strings out of 493634
 50541 string characters out of 3135239
 119543 words of memory out of 3000000
 6893 multiletter control sequences out of 15000+200000
 10570 words of font info for 43 fonts, out of 3000000 for 9000
 1186 hyphenation exceptions out of 8191
 34i,11n,32p,816b,332s stack positions out of 5000i,500n,10000p,200000b,50000s
<C:/Users/won1k/AppData/Local/Programs/MiKTeX 2.9/fonts/ty
pe1/public/amsfonts/cm/cmbx10.pfb><C:/Users/won1k/AppData/Local/Programs/MiKTeX
 2.9/fonts/type1/public/amsfonts/cm/cmcsc10.pfb><C:/Users/won1k/AppData/Local/P
rograms/MiKTeX 2.9/fonts/type1/public/amsfonts/cm/cmex10.pfb><C:/Users/won1k/Ap
pData/Local/Programs/MiKTeX 2.9/fonts/type1/public/amsfonts/cm/cmmi10.pfb><C:/U
sers/won1k/AppData/Local/Programs/MiKTeX 2.9/fonts/type1/public/amsfonts/cm/cmm
i5.pfb><C:/Users/won1k/AppData/Local/Programs/MiKTeX 2.9/fonts/type1/public/ams
fonts/cm/cmmi7.pfb><C:/Users/won1k/AppData/Local/Programs/MiKTeX 2.9/fonts/type
1/public/amsfonts/cm/cmr10.pfb><C:/Users/won1k/AppData/Local/Programs/MiKTeX 2.
9/fonts/type1/public/amsfonts/cm/cmr5.pfb><C:/Users/won1k/AppData/Local/Program
s/MiKTeX 2.9/fonts/type1/public/amsfonts/cm/cmr7.pfb><C:/Users/won1k/AppData/Lo
cal/Programs/MiKTeX 2.9/fonts/type1/public/amsfonts/cm/cmr8.pfb><C:/Users/won1k
/AppData/Local/Programs/MiKTeX 2.9/fonts/type1/public/amsfonts/cm/cmsy10.pfb><C
:/Users/won1k/AppData/Local/Programs/MiKTeX 2.9/fonts/type1/public/amsfonts/cm/
cmsy7.pfb><C:/Users/won1k/AppData/Local/Programs/MiKTeX 2.9/fonts/type1/public/
amsfonts/cm/cmti10.pfb><C:/Users/won1k/AppData/Local/Programs/MiKTeX 2.9/fonts/
type1/public/amsfonts/cm/cmti8.pfb><C:/Users/won1k/AppData/Local/Programs/MiKTe
X 2.9/fonts/type1/public/amsfonts/symbols/msbm10.pfb>
Output written on NSComparisons.pdf (9 pages, 292712 bytes).
PDF statistics:
 134 PDF objects out of 1000 (max. 8388607)
 0 named destinations out of 1000 (max. 500000)
 31 words of extra memory for PDF output out of 10000 (max. 10000000)

